# JRE version: OpenJDK Runtime Environment Temurin-21.0.9+10 (21.0.9+10) (build 21.0.9+10-LTS)
# Java VM: OpenJDK 64-Bit Server VM Temurin-21.0.9+10 (21.0.9+10-LTS, mixed mode, sharing, tiered, compressed oops, compressed class ptrs, parallel gc, windows-amd64)
GC Precious Log:
 CardTable entry size: 512
 CPUs: 8 total, 8 available
 Memory: 7413M
 Large Page Support: Disabled
 NUMA Support: Disabled
 Compressed Oops: Enabled (32-bit)
 Alignments: Space 512K, Generation 512K, Heap 2M
 Heap Min Capacity: 100M
 Heap Initial Capacity: 100M
 Heap Max Capacity: 2G
 Pre-touch: Disabled
 Parallel Workers: 8
Heap:
 PSYoungGen      total 7168K, used 2048K [0x00000000d5580000, 0x00000000d6080000, 0x0000000100000000)
  eden space 5120K, 0% used [0x00000000d5580000,0x00000000d5580000,0x00000000d5a80000)
  from space 2048K, 100% used [0x00000000d5c80000,0x00000000d5e80000,0x00000000d5e80000)
  to   space 2048K, 0% used [0x00000000d5e80000,0x00000000d5e80000,0x00000000d6080000)
 ParOldGen       total 744960K, used 328574K [0x0000000080000000, 0x00000000ad780000, 0x00000000d5580000)
  object space 744960K, 44% used [0x0000000080000000,0x00000000940df8f0,0x00000000ad780000)
 Metaspace       used 74620K, committed 76096K, reserved 1179648K
  class space    used 7693K, committed 8384K, reserved 1048576K
GC Heap History (20 events):
Event: 117.599 GC heap after
{Heap after GC invocations=1585 (full 4):
 PSYoungGen      total 6144K, used 1016K [0x00000000d5580000, 0x00000000d5e80000, 0x0000000100000000)
  eden space 5120K, 0% used [0x00000000d5580000,0x00000000d5580000,0x00000000d5a80000)
  from space 1024K, 99% used [0x00000000d5a80000,0x00000000d5b7e078,0x00000000d5b80000)
  to   space 2048K, 0% used [0x00000000d5c80000,0x00000000d5c80000,0x00000000d5e80000)
 ParOldGen       total 744960K, used 305952K [0x0000000080000000, 0x00000000ad780000, 0x00000000d5580000)
  object space 744960K, 41% used [0x0000000080000000,0x0000000092ac81e8,0x00000000ad780000)
 Metaspace       used 74598K, committed 76096K, reserved 1179648K
  class space    used 7693K, committed 8384K, reserved 1048576K
}
Event: 117.619 GC heap before
{Heap before GC invocations=1586 (full 4):
 PSYoungGen      total 6144K, used 6136K [0x00000000d5580000, 0x00000000d5e80000, 0x0000000100000000)
  eden space 5120K, 100% used [0x00000000d5580000,0x00000000d5a80000,0x00000000d5a80000)
  from space 1024K, 99% used [0x00000000d5a80000,0x00000000d5b7e078,0x00000000d5b80000)
  to   space 2048K, 0% used [0x00000000d5c80000,0x00000000d5c80000,0x00000000d5e80000)
 ParOldGen       total 744960K, used 305952K [0x0000000080000000, 0x00000000ad780000, 0x00000000d5580000)
  object space 744960K, 41% used [0x0000000080000000,0x0000000092ac81e8,0x00000000ad780000)
 Metaspace       used 74598K, committed 76096K, reserved 1179648K
  class space    used 7693K, committed 8384K, reserved 1048576K
}
Event: 117.626 GC heap after
{Heap after GC invocations=1586 (full 4):
 PSYoungGen      total 7168K, used 1760K [0x00000000d5580000, 0x00000000d5e80000, 0x0000000100000000)
  eden space 5120K, 0% used [0x00000000d5580000,0x00000000d5580000,0x00000000d5a80000)
  from space 2048K, 85% used [0x00000000d5c80000,0x00000000d5e38000,0x00000000d5e80000)
  to   space 2048K, 0% used [0x00000000d5a80000,0x00000000d5a80000,0x00000000d5c80000)
 ParOldGen       total 744960K, used 306921K [0x0000000080000000, 0x00000000ad780000, 0x00000000d5580000)
  object space 744960K, 41% used [0x0000000080000000,0x0000000092bba4a0,0x00000000ad780000)
 Metaspace       used 74598K, committed 76096K, reserved 1179648K
  class space    used 7693K, committed 8384K, reserved 1048576K
}
Event: 117.663 GC heap before
{Heap before GC invocations=1587 (full 4):
 PSYoungGen      total 7168K, used 6880K [0x00000000d5580000, 0x00000000d5e80000, 0x0000000100000000)
  eden space 5120K, 100% used [0x00000000d5580000,0x00000000d5a80000,0x00000000d5a80000)
  from space 2048K, 85% used [0x00000000d5c80000,0x00000000d5e38000,0x00000000d5e80000)
  to   space 2048K, 0% used [0x00000000d5a80000,0x00000000d5a80000,0x00000000d5c80000)
 ParOldGen       total 744960K, used 306921K [0x0000000080000000, 0x00000000ad780000, 0x00000000d5580000)
  object space 744960K, 41% used [0x0000000080000000,0x0000000092bba4a0,0x00000000ad780000)
 Metaspace       used 74598K, committed 76096K, reserved 1179648K
  class space    used 7693K, committed 8384K, reserved 1048576K
}
Event: 117.675 GC heap after
{Heap after GC invocations=1587 (full 4):
 PSYoungGen      total 7168K, used 2046K [0x00000000d5580000, 0x00000000d6680000, 0x0000000100000000)
  eden space 5120K, 0% used [0x00000000d5580000,0x00000000d5580000,0x00000000d5a80000)
  from space 2048K, 99% used [0x00000000d5a80000,0x00000000d5c7fb80,0x00000000d5c80000)
  to   space 6144K, 0% used [0x00000000d6080000,0x00000000d6080000,0x00000000d6680000)
 ParOldGen       total 744960K, used 310092K [0x0000000080000000, 0x00000000ad780000, 0x00000000d5580000)
  object space 744960K, 41% used [0x0000000080000000,0x0000000092ed3330,0x00000000ad780000)
 Metaspace       used 74598K, committed 76096K, reserved 1179648K
  class space    used 7693K, committed 8384K, reserved 1048576K
}
Event: 117.723 GC heap before
{Heap before GC invocations=1588 (full 4):
 PSYoungGen      total 7168K, used 7166K [0x00000000d5580000, 0x00000000d6680000, 0x0000000100000000)
  eden space 5120K, 100% used [0x00000000d5580000,0x00000000d5a80000,0x00000000d5a80000)
  from space 2048K, 99% used [0x00000000d5a80000,0x00000000d5c7fb80,0x00000000d5c80000)
  to   space 6144K, 0% used [0x00000000d6080000,0x00000000d6080000,0x00000000d6680000)
 ParOldGen       total 744960K, used 310092K [0x0000000080000000, 0x00000000ad780000, 0x00000000d5580000)
  object space 744960K, 41% used [0x0000000080000000,0x0000000092ed3330,0x00000000ad780000)
 Metaspace       used 74598K, committed 76096K, reserved 1179648K
  class space    used 7693K, committed 8384K, reserved 1048576K
}
Event: 117.733 GC heap after
{Heap after GC invocations=1588 (full 4):
 PSYoungGen      total 10752K, used 5239K [0x00000000d5580000, 0x00000000d6600000, 0x0000000100000000)
  eden space 5120K, 0% used [0x00000000d5580000,0x00000000d5580000,0x00000000d5a80000)
  from space 5632K, 93% used [0x00000000d6080000,0x00000000d659dfe0,0x00000000d6600000)
  to   space 5632K, 0% used [0x00000000d5b00000,0x00000000d5b00000,0x00000000d6080000)
 ParOldGen       total 744960K, used 312048K [0x0000000080000000, 0x00000000ad780000, 0x00000000d5580000)
  object space 744960K, 41% used [0x0000000080000000,0x00000000930bc1c0,0x00000000ad780000)
 Metaspace       used 74598K, committed 76096K, reserved 1179648K
  class space    used 7693K, committed 8384K, reserved 1048576K
}
Event: 117.788 GC heap before
{Heap before GC invocations=1589 (full 4):
 PSYoungGen      total 10752K, used 10359K [0x00000000d5580000, 0x00000000d6600000, 0x0000000100000000)
  eden space 5120K, 100% used [0x00000000d5580000,0x00000000d5a80000,0x00000000d5a80000)
  from space 5632K, 93% used [0x00000000d6080000,0x00000000d659dfe0,0x00000000d6600000)
  to   space 5632K, 0% used [0x00000000d5b00000,0x00000000d5b00000,0x00000000d6080000)
 ParOldGen       total 744960K, used 312048K [0x0000000080000000, 0x00000000ad780000, 0x00000000d5580000)
  object space 744960K, 41% used [0x0000000080000000,0x00000000930bc1c0,0x00000000ad780000)
 Metaspace       used 74611K, committed 76096K, reserved 1179648K
  class space    used 7693K, committed 8384K, reserved 1048576K
}
Event: 117.800 GC heap after
{Heap after GC invocations=1589 (full 4):
 PSYoungGen      total 9728K, used 4139K [0x00000000d5580000, 0x00000000d6380000, 0x0000000100000000)
  eden space 5120K, 0% used [0x00000000d5580000,0x00000000d5580000,0x00000000d5a80000)
  from space 4608K, 89% used [0x00000000d5b00000,0x00000000d5f0aeb0,0x00000000d5f80000)
  to   space 4096K, 0% used [0x00000000d5f80000,0x00000000d5f80000,0x00000000d6380000)
 ParOldGen       total 744960K, used 315911K [0x0000000080000000, 0x00000000ad780000, 0x00000000d5580000)
  object space 744960K, 42% used [0x0000000080000000,0x0000000093481ff0,0x00000000ad780000)
 Metaspace       used 74611K, committed 76096K, reserved 1179648K
  class space    used 7693K, committed 8384K, reserved 1048576K
}
Event: 117.933 GC heap before
{Heap before GC invocations=1590 (full 4):
 PSYoungGen      total 9728K, used 9259K [0x00000000d5580000, 0x00000000d6380000, 0x0000000100000000)
  eden space 5120K, 100% used [0x00000000d5580000,0x00000000d5a80000,0x00000000d5a80000)
  from space 4608K, 89% used [0x00000000d5b00000,0x00000000d5f0aeb0,0x00000000d5f80000)
  to   space 4096K, 0% used [0x00000000d5f80000,0x00000000d5f80000,0x00000000d6380000)
 ParOldGen       total 744960K, used 315911K [0x0000000080000000, 0x00000000ad780000, 0x00000000d5580000)
  object space 744960K, 42% used [0x0000000080000000,0x0000000093481ff0,0x00000000ad780000)
 Metaspace       used 74616K, committed 76096K, reserved 1179648K
  class space    used 7693K, committed 8384K, reserved 1048576K
}
Event: 117.943 GC heap after
{Heap after GC invocations=1590 (full 4):
 PSYoungGen      total 7680K, used 2241K [0x00000000d5580000, 0x00000000d6200000, 0x0000000100000000)
  eden space 5120K, 0% used [0x00000000d5580000,0x00000000d5580000,0x00000000d5a80000)
  from space 2560K, 87% used [0x00000000d5f80000,0x00000000d61b05a8,0x00000000d6200000)
  to   space 3072K, 0% used [0x00000000d5c00000,0x00000000d5c00000,0x00000000d5f00000)
 ParOldGen       total 744960K, used 319670K [0x0000000080000000, 0x00000000ad780000, 0x00000000d5580000)
  object space 744960K, 42% used [0x0000000080000000,0x000000009382da80,0x00000000ad780000)
 Metaspace       used 74616K, committed 76096K, reserved 1179648K
  class space    used 7693K, committed 8384K, reserved 1048576K
}
Event: 118.001 GC heap before
{Heap before GC invocations=1591 (full 4):
 PSYoungGen      total 7680K, used 7361K [0x00000000d5580000, 0x00000000d6200000, 0x0000000100000000)
  eden space 5120K, 100% used [0x00000000d5580000,0x00000000d5a80000,0x00000000d5a80000)
  from space 2560K, 87% used [0x00000000d5f80000,0x00000000d61b05a8,0x00000000d6200000)
  to   space 3072K, 0% used [0x00000000d5c00000,0x00000000d5c00000,0x00000000d5f00000)
 ParOldGen       total 744960K, used 319670K [0x0000000080000000, 0x00000000ad780000, 0x00000000d5580000)
  object space 744960K, 42% used [0x0000000080000000,0x000000009382da80,0x00000000ad780000)
 Metaspace       used 74616K, committed 76096K, reserved 1179648K
  class space    used 7693K, committed 8384K, reserved 1048576K
}
Event: 118.015 GC heap after
{Heap after GC invocations=1591 (full 4):
 PSYoungGen      total 8192K, used 3043K [0x00000000d5580000, 0x00000000d6680000, 0x0000000100000000)
  eden space 5120K, 0% used [0x00000000d5580000,0x00000000d5580000,0x00000000d5a80000)
  from space 3072K, 99% used [0x00000000d5c00000,0x00000000d5ef8cf0,0x00000000d5f00000)
  to   space 6144K, 0% used [0x00000000d6080000,0x00000000d6080000,0x00000000d6680000)
 ParOldGen       total 744960K, used 321825K [0x0000000080000000, 0x00000000ad780000, 0x00000000d5580000)
  object space 744960K, 43% used [0x0000000080000000,0x0000000093a48620,0x00000000ad780000)
 Metaspace       used 74616K, committed 76096K, reserved 1179648K
  class space    used 7693K, committed 8384K, reserved 1048576K
}
Event: 118.101 GC heap before
{Heap before GC invocations=1592 (full 4):
 PSYoungGen      total 8192K, used 8163K [0x00000000d5580000, 0x00000000d6680000, 0x0000000100000000)
  eden space 5120K, 100% used [0x00000000d5580000,0x00000000d5a80000,0x00000000d5a80000)
  from space 3072K, 99% used [0x00000000d5c00000,0x00000000d5ef8cf0,0x00000000d5f00000)
  to   space 6144K, 0% used [0x00000000d6080000,0x00000000d6080000,0x00000000d6680000)
 ParOldGen       total 744960K, used 321825K [0x0000000080000000, 0x00000000ad780000, 0x00000000d5580000)
  object space 744960K, 43% used [0x0000000080000000,0x0000000093a48620,0x00000000ad780000)
 Metaspace       used 74620K, committed 76096K, reserved 1179648K
  class space    used 7693K, committed 8384K, reserved 1048576K
}
Event: 118.106 GC heap after
{Heap after GC invocations=1592 (full 4):
 PSYoungGen      total 7680K, used 2407K [0x00000000d5580000, 0x00000000d6300000, 0x0000000100000000)
  eden space 5120K, 0% used [0x00000000d5580000,0x00000000d5580000,0x00000000d5a80000)
  from space 2560K, 94% used [0x00000000d6080000,0x00000000d62d9f70,0x00000000d6300000)
  to   space 3584K, 0% used [0x00000000d5c00000,0x00000000d5c00000,0x00000000d5f80000)
 ParOldGen       total 744960K, used 323118K [0x0000000080000000, 0x00000000ad780000, 0x00000000d5580000)
  object space 744960K, 43% used [0x0000000080000000,0x0000000093b8b828,0x00000000ad780000)
 Metaspace       used 74620K, committed 76096K, reserved 1179648K
  class space    used 7693K, committed 8384K, reserved 1048576K
}
Event: 118.196 GC heap before
{Heap before GC invocations=1593 (full 4):
 PSYoungGen      total 7680K, used 7527K [0x00000000d5580000, 0x00000000d6300000, 0x0000000100000000)
  eden space 5120K, 100% used [0x00000000d5580000,0x00000000d5a80000,0x00000000d5a80000)
  from space 2560K, 94% used [0x00000000d6080000,0x00000000d62d9f70,0x00000000d6300000)
  to   space 3584K, 0% used [0x00000000d5c00000,0x00000000d5c00000,0x00000000d5f80000)
 ParOldGen       total 744960K, used 323118K [0x0000000080000000, 0x00000000ad780000, 0x00000000d5580000)
  object space 744960K, 43% used [0x0000000080000000,0x0000000093b8b828,0x00000000ad780000)
 Metaspace       used 74620K, committed 76096K, reserved 1179648K
  class space    used 7693K, committed 8384K, reserved 1048576K
}
Event: 118.201 GC heap after
{Heap after GC invocations=1593 (full 4):
 PSYoungGen      total 7680K, used 2170K [0x00000000d5580000, 0x00000000d6100000, 0x0000000100000000)
  eden space 5120K, 0% used [0x00000000d5580000,0x00000000d5580000,0x00000000d5a80000)
  from space 2560K, 84% used [0x00000000d5c00000,0x00000000d5e1ebf8,0x00000000d5e80000)
  to   space 2560K, 0% used [0x00000000d5e80000,0x00000000d5e80000,0x00000000d6100000)
 ParOldGen       total 744960K, used 324852K [0x0000000080000000, 0x00000000ad780000, 0x00000000d5580000)
  object space 744960K, 43% used [0x0000000080000000,0x0000000093d3d180,0x00000000ad780000)
 Metaspace       used 74620K, committed 76096K, reserved 1179648K
  class space    used 7693K, committed 8384K, reserved 1048576K
}
Event: 118.309 GC heap before
{Heap before GC invocations=1594 (full 4):
 PSYoungGen      total 7680K, used 7290K [0x00000000d5580000, 0x00000000d6100000, 0x0000000100000000)
  eden space 5120K, 100% used [0x00000000d5580000,0x00000000d5a80000,0x00000000d5a80000)
  from space 2560K, 84% used [0x00000000d5c00000,0x00000000d5e1ebf8,0x00000000d5e80000)
  to   space 2560K, 0% used [0x00000000d5e80000,0x00000000d5e80000,0x00000000d6100000)
 ParOldGen       total 744960K, used 324852K [0x0000000080000000, 0x00000000ad780000, 0x00000000d5580000)
  object space 744960K, 43% used [0x0000000080000000,0x0000000093d3d180,0x00000000ad780000)
 Metaspace       used 74620K, committed 76096K, reserved 1179648K
  class space    used 7693K, committed 8384K, reserved 1048576K
}
Event: 118.314 GC heap after
{Heap after GC invocations=1594 (full 4):
 PSYoungGen      total 7168K, used 1632K [0x00000000d5580000, 0x00000000d6080000, 0x0000000100000000)
  eden space 5120K, 0% used [0x00000000d5580000,0x00000000d5580000,0x00000000d5a80000)
  from space 2048K, 79% used [0x00000000d5e80000,0x00000000d6018000,0x00000000d6080000)
  to   space 2048K, 0% used [0x00000000d5c80000,0x00000000d5c80000,0x00000000d5e80000)
 ParOldGen       total 744960K, used 326885K [0x0000000080000000, 0x00000000ad780000, 0x00000000d5580000)
  object space 744960K, 43% used [0x0000000080000000,0x0000000093f39750,0x00000000ad780000)
 Metaspace       used 74620K, committed 76096K, reserved 1179648K
  class space    used 7693K, committed 8384K, reserved 1048576K
}
Event: 118.534 GC heap before
{Heap before GC invocations=1595 (full 4):
 PSYoungGen      total 7168K, used 6752K [0x00000000d5580000, 0x00000000d6080000, 0x0000000100000000)
  eden space 5120K, 100% used [0x00000000d5580000,0x00000000d5a80000,0x00000000d5a80000)
  from space 2048K, 79% used [0x00000000d5e80000,0x00000000d6018000,0x00000000d6080000)
  to   space 2048K, 0% used [0x00000000d5c80000,0x00000000d5c80000,0x00000000d5e80000)
 ParOldGen       total 744960K, used 326885K [0x0000000080000000, 0x00000000ad780000, 0x00000000d5580000)
  object space 744960K, 43% used [0x0000000080000000,0x0000000093f39750,0x00000000ad780000)
 Metaspace       used 74620K, committed 76096K, reserved 1179648K
  class space    used 7693K, committed 8384K, reserved 1048576K
}

